<?xml version="1.0" encoding="UTF-8"?>
<!-- Generated by org.testng.reporters.JUnitReportReporter -->
<testsuite skipped="0" hostname="SriramManda-PC" name="cts.miniproject.test.DdExcelWordpressLogin" tests="3" failures="0" timestamp="2020-03-30T10:31:39 IST" time="60.022" errors="0">
  <testcase name="loginToWordpress" time="30.516" classname="cts.miniproject.test.DdExcelWordpressLogin"/>
  <system-out/>
  <testcase name="loginToWordpress" time="15.052" classname="cts.miniproject.test.DdExcelWordpressLogin"/>
  <system-out/>
  <testcase name="loginToWordpress" time="14.454" classname="cts.miniproject.test.DdExcelWordpressLogin"/>
  <system-out/>
</testsuite> <!-- cts.miniproject.test.DdExcelWordpressLogin -->
